grep: warning: GREP_OPTIONS is deprecated; please use an alias or script
LAUNCH INFO 2023-03-17 11:42:38,023 -----------  Configuration  ----------------------
LAUNCH INFO 2023-03-17 11:42:38,023 devices: None
LAUNCH INFO 2023-03-17 11:42:38,023 elastic_level: -1
LAUNCH INFO 2023-03-17 11:42:38,023 elastic_timeout: 30
LAUNCH INFO 2023-03-17 11:42:38,023 gloo_port: 6767
LAUNCH INFO 2023-03-17 11:42:38,023 host: None
LAUNCH INFO 2023-03-17 11:42:38,023 job_id: default
LAUNCH INFO 2023-03-17 11:42:38,023 legacy: False
LAUNCH INFO 2023-03-17 11:42:38,023 log_dir: log
LAUNCH INFO 2023-03-17 11:42:38,023 log_level: INFO
LAUNCH INFO 2023-03-17 11:42:38,023 master: None
LAUNCH INFO 2023-03-17 11:42:38,023 max_restart: 3
LAUNCH INFO 2023-03-17 11:42:38,023 nnodes: 1
LAUNCH INFO 2023-03-17 11:42:38,023 nproc_per_node: None
LAUNCH INFO 2023-03-17 11:42:38,023 rank: -1
LAUNCH INFO 2023-03-17 11:42:38,023 run_mode: collective
LAUNCH INFO 2023-03-17 11:42:38,024 server_num: None
LAUNCH INFO 2023-03-17 11:42:38,024 servers: 
LAUNCH INFO 2023-03-17 11:42:38,024 trainer_num: None
LAUNCH INFO 2023-03-17 11:42:38,024 trainers: 
LAUNCH INFO 2023-03-17 11:42:38,024 training_script: 0,1,2,3
LAUNCH INFO 2023-03-17 11:42:38,024 training_script_args: ['tools/train.py', '-c', 'configs/dino/dino_r50vd_pan_4_0_6_3x_coco.yml', '--eval', '--use_vdl=true', '--vdl_log_dir=vdl_dir/10_full']
LAUNCH INFO 2023-03-17 11:42:38,024 with_gloo: 0
LAUNCH INFO 2023-03-17 11:42:38,024 --------------------------------------------------
LAUNCH WARNING 2023-03-17 11:42:38,024 Compatible mode enable with args ['--gpus']
WARNING 2023-03-17 11:42:38,025 launch.py:519] Not found distinct arguments and compiled with cuda or xpu or npu or mlu. Default use collective mode
WARNING 2023-03-17 11:42:38,025 launch.py:519] Not found distinct arguments and compiled with cuda or xpu or npu or mlu. Default use collective mode
INFO 2023-03-17 11:42:38,027 launch_utils.py:561] Local start 4 processes. First process distributed environment info (Only For Debug): 
    +=======================================================================================+
    |                        Distributed Envs                      Value                    |
    +---------------------------------------------------------------------------------------+
    |                       PADDLE_TRAINER_ID                        0                      |
    |                 PADDLE_CURRENT_ENDPOINT                 127.0.0.1:26224               |
    |                     PADDLE_TRAINERS_NUM                        4                      |
    |                PADDLE_TRAINER_ENDPOINTS  ... 0.1:52577,127.0.0.1:16627,127.0.0.1:57038|
    |                     PADDLE_RANK_IN_NODE                        0                      |
    |                 PADDLE_LOCAL_DEVICE_IDS                        0                      |
    |                 PADDLE_WORLD_DEVICE_IDS                     0,1,2,3                   |
    |                     FLAGS_selected_gpus                        0                      |
    |             FLAGS_selected_accelerators                        0                      |
    +=======================================================================================+

INFO 2023-03-17 11:42:38,027 launch_utils.py:561] Local start 4 processes. First process distributed environment info (Only For Debug): 
    +=======================================================================================+
    |                        Distributed Envs                      Value                    |
    +---------------------------------------------------------------------------------------+
    |                       PADDLE_TRAINER_ID                        0                      |
    |                 PADDLE_CURRENT_ENDPOINT                 127.0.0.1:26224               |
    |                     PADDLE_TRAINERS_NUM                        4                      |
    |                PADDLE_TRAINER_ENDPOINTS  ... 0.1:52577,127.0.0.1:16627,127.0.0.1:57038|
    |                     PADDLE_RANK_IN_NODE                        0                      |
    |                 PADDLE_LOCAL_DEVICE_IDS                        0                      |
    |                 PADDLE_WORLD_DEVICE_IDS                     0,1,2,3                   |
    |                     FLAGS_selected_gpus                        0                      |
    |             FLAGS_selected_accelerators                        0                      |
    +=======================================================================================+

INFO 2023-03-17 11:42:38,027 launch_utils.py:566] details about PADDLE_TRAINER_ENDPOINTS can be found in log/endpoints.log, and detail running logs maybe found in log/workerlog.0
INFO 2023-03-17 11:42:38,027 launch_utils.py:566] details about PADDLE_TRAINER_ENDPOINTS can be found in log/endpoints.log, and detail running logs maybe found in log/workerlog.0
